1540603649439:qe
1540603652047:add 1 + 2
1540603654197:add 1 2
1540603656786:add 3
1540603661425:2 3
1540603712797:add 1 2
1540603739431:add 1
1540603743489:add 1 2
1540603751682:a 1 2
1540603754042:add 1 2
1540603755073:1 2
1540603757370:add 1 3
1540603768401:help
1540603846387:ffe
1540603848169:shell
1540603878801:clear
1540603890665:exit
1540603902335:help
1540603969904:fqwe
1540603971463:hi
1540604384590:q
1540604386264:woah
1540604388241:repeated
1540604390672:ad 1
1540604392257:add 1
1540604396137:add 1 2
1540604412447:q1
1540604414768:add 2 3
1540604420680:add 2    4
1540604535841:debug
1540604608472:q
1540604610169:hello
1540604696023:q
1540604730042:qwrqwe
1540604955678:hm
1540604959737:5 +3
